{"/home/my-oyadier/Desktop/alx/alx-backend-javascript/0x05-Node_JS_base/0-console.js": {"path":"/home/my-oyadier/Desktop/alx/alx-backend-javascript/0x05-Node_JS_base/0-console.js","statementMap":{"0":{"start":{"line":2,"column":2},"end":{"line":2,"column":19}},"1":{"start":{"line":4,"column":0},"end":{"line":4,"column":32}}},"fnMap":{"0":{"name":"displayMessage","decl":{"start":{"line":1,"column":9},"end":{"line":1,"column":23}},"loc":{"start":{"line":1,"column":29},"end":{"line":3,"column":1}},"line":1}},"branchMap":{},"s":{"0":1,"1":1},"f":{"0":1},"b":{},"_coverageSchema":"1a1c01bbd47fc00a2c39e90264f33305004495a9","hash":"c11830f0eab4b35fd4c650a91c3099d286a8c89c"}
}
